<?xml version="1.0" encoding="UTF-8"?>
<testsuite name="products.BankProductsTests$CommonProductTests" tests="11" skipped="0" failures="0" errors="0" timestamp="2022-10-05T18:20:28" hostname="DARSIYA09" time="0.034">
  <properties/>
  <testcase name="getBalanceTest" classname="products.BankProductsTests$CommonProductTests" time="0.004"/>
  <testcase name="[1] -10.0" classname="products.BankProductsTests$CommonProductTests" time="0.002"/>
  <testcase name="[2] 0.0" classname="products.BankProductsTests$CommonProductTests" time="0.0"/>
  <testcase name="[3] 100.0" classname="products.BankProductsTests$CommonProductTests" time="0.0"/>
  <testcase name="[1] 1.0" classname="products.BankProductsTests$CommonProductTests" time="0.0"/>
  <testcase name="[2] 10.99" classname="products.BankProductsTests$CommonProductTests" time="0.001"/>
  <testcase name="[3] 1000.0" classname="products.BankProductsTests$CommonProductTests" time="0.001"/>
  <testcase name="[4] 99.0" classname="products.BankProductsTests$CommonProductTests" time="0.001"/>
  <testcase name="[5] 0.0" classname="products.BankProductsTests$CommonProductTests" time="0.002"/>
  <testcase name="[6] -10.55" classname="products.BankProductsTests$CommonProductTests" time="0.001"/>
  <testcase name="[7] -1000.0" classname="products.BankProductsTests$CommonProductTests" time="0.001"/>
  <system-out><![CDATA[]]></system-out>
  <system-err><![CDATA[]]></system-err>
</testsuite>
