<?xml version="1.0" encoding="UTF-8"?>
<testsuite name="products.BankProductsTests$CreditCardTests" tests="6" skipped="0" failures="0" errors="0" timestamp="2022-10-05T18:20:28" hostname="DARSIYA09" time="0.059">
  <properties/>
  <testcase name="getDebtTest" classname="products.BankProductsTests$CreditCardTests" time="0.002"/>
  <testcase name="[1] -10.0" classname="products.BankProductsTests$CreditCardTests" time="0.026"/>
  <testcase name="[2] 0.0" classname="products.BankProductsTests$CreditCardTests" time="0.001"/>
  <testcase name="[3] 2.0" classname="products.BankProductsTests$CreditCardTests" time="0.0"/>
  <testcase name="[4] 100.0" classname="products.BankProductsTests$CreditCardTests" time="0.001"/>
  <testcase name="[5] 101.0" classname="products.BankProductsTests$CreditCardTests" time="0.001"/>
  <system-out><![CDATA[]]></system-out>
  <system-err><![CDATA[]]></system-err>
</testsuite>
